<?xml version="1.0" encoding="UTF-8"?>
<!-- Generated by org.testng.reporters.JUnitReportReporter -->
<testsuite skipped="0" hostname="Harish" name="com.rameshsoft.automation.Reports.TestDemo1" tests="1" failures="0" timestamp="11 Mar 2025 06:03:21 GMT" time="13.816" errors="0">
  <testcase name="testScript" time="13.816" classname="com.rameshsoft.automation.Reports.TestDemo1"/>
</testsuite> <!-- com.rameshsoft.automation.Reports.TestDemo1 -->
