<?xml version="1.0" encoding="UTF-8"?>
<!-- Generated by org.testng.reporters.JUnitReportReporter -->
<testsuite skipped="0" hostname="Harish" name="com.rameshsoftautomation.TestngPrograms.GroupsDemo1" tests="2" failures="0" timestamp="28 Feb 2025 06:22:03 GMT" time="0.009" errors="0">
  <testcase name="m2" time="0.001" classname="com.rameshsoftautomation.TestngPrograms.GroupsDemo1"/>
  <testcase name="m1" time="0.008" classname="com.rameshsoftautomation.TestngPrograms.GroupsDemo1"/>
</testsuite> <!-- com.rameshsoftautomation.TestngPrograms.GroupsDemo1 -->
