<?xml version="1.0" encoding="UTF-8"?>
<!-- Generated by org.testng.reporters.JUnitReportReporter -->
<testsuite skipped="0" hostname="Harish" name="com.rameshsoftautomation.TestngPrograms.FactoryAnnotationDemo$Factory1" tests="4" failures="0" timestamp="02 Mar 2025 08:51:22 GMT" time="0.008" errors="0">
  <testcase name="method" time="0.004" classname="com.rameshsoftautomation.TestngPrograms.FactoryAnnotationDemo$Factory1"/>
  <testcase name="method" time="0.001" classname="com.rameshsoftautomation.TestngPrograms.FactoryAnnotationDemo$Factory1"/>
  <testcase name="method" time="0.002" classname="com.rameshsoftautomation.TestngPrograms.FactoryAnnotationDemo$Factory1"/>
  <testcase name="method" time="0.001" classname="com.rameshsoftautomation.TestngPrograms.FactoryAnnotationDemo$Factory1"/>
</testsuite> <!-- com.rameshsoftautomation.TestngPrograms.FactoryAnnotationDemo$Factory1 -->
