<?xml version="1.0" encoding="UTF-8"?>
<!-- Generated by org.testng.reporters.JUnitReportReporter -->
<testsuite skipped="0" hostname="Harish" name="com.rameshsoftautomation.TestngPrograms.DependsOnGroupsDemo" tests="3" failures="0" timestamp="27 Feb 2025 13:23:10 GMT" time="0.008" errors="0">
  <testcase name="testLocation" time="0.007" classname="com.rameshsoftautomation.TestngPrograms.DependsOnGroupsDemo"/>
  <testcase name="testPrintWelcomeMessage" time="0.000" classname="com.rameshsoftautomation.TestngPrograms.DependsOnGroupsDemo"/>
  <testcase name="testMessage" time="0.001" classname="com.rameshsoftautomation.TestngPrograms.DependsOnGroupsDemo"/>
</testsuite> <!-- com.rameshsoftautomation.TestngPrograms.DependsOnGroupsDemo -->
