<?xml version="1.0" encoding="UTF-8"?>
<!-- Generated by org.testng.reporters.JUnitReportReporter -->
<testsuite skipped="1" hostname="Harish" name="com.rameshsoftautomation.TestngPrograms.TestNGDemoTwo" tests="3" failures="0" timestamp="27 Feb 2025 12:54:48 GMT" time="12.321" errors="0">
  <testcase name="bmain" time="5.540" classname="com.rameshsoftautomation.TestngPrograms.TestNGDemoTwo"/>
  <testcase name="amain" time="6.781" classname="com.rameshsoftautomation.TestngPrograms.TestNGDemoTwo"/>
  <testcase name="gmain" classname="com.rameshsoftautomation.TestngPrograms.TestNGDemoTwo">
    <skipped/>
  </testcase> <!-- gmain -->
</testsuite> <!-- com.rameshsoftautomation.TestngPrograms.TestNGDemoTwo -->
