<?xml version="1.0" encoding="UTF-8"?>
<!-- Generated by org.testng.reporters.JUnitReportReporter -->
<testsuite skipped="0" hostname="Harish" name="com.rameshsoftautomation.TestngPrograms.TestNGDemoOne$TestNGDemo" tests="1" failures="0" timestamp="09 Mar 2025 05:15:27 GMT" time="1.169" errors="0">
  <testcase name="main" time="1.169" classname="com.rameshsoftautomation.TestngPrograms.TestNGDemoOne$TestNGDemo"/>
</testsuite> <!-- com.rameshsoftautomation.TestngPrograms.TestNGDemoOne$TestNGDemo -->
