<?xml version="1.0" encoding="UTF-8"?>
<!-- Generated by org.testng.reporters.JUnitReportReporter -->
<testsuite skipped="0" hostname="Harish" name="com.rameshsoftautomation.TestngPrograms.ParametersDemo" tests="1" failures="0" timestamp="01 Mar 2025 06:53:59 GMT" time="8.793" errors="0">
  <testcase name="Facebooklogin" time="8.793" classname="com.rameshsoftautomation.TestngPrograms.ParametersDemo"/>
</testsuite> <!-- com.rameshsoftautomation.TestngPrograms.ParametersDemo -->
