<?xml version="1.0" encoding="UTF-8"?>
<!-- Generated by org.testng.reporters.JUnitReportReporter -->
<testsuite skipped="0" hostname="Harish" name="com.rameshsoftjavawithseleniumselenium.programs.TestNGAnnotationsDemo" tests="2" failures="0" timestamp="26 Feb 2025 14:21:30 GMT" time="0.006" errors="0">
  <testcase name="testCase1" time="0.004" classname="com.rameshsoftjavawithseleniumselenium.programs.TestNGAnnotationsDemo"/>
  <testcase name="testCase2" time="0.002" classname="com.rameshsoftjavawithseleniumselenium.programs.TestNGAnnotationsDemo"/>
</testsuite> <!-- com.rameshsoftjavawithseleniumselenium.programs.TestNGAnnotationsDemo -->
