<?xml version="1.0" encoding="UTF-8"?>
<!-- Generated by org.testng.reporters.JUnitReportReporter -->
<testsuite skipped="0" hostname="Harish" name="com.rameshsoftautomation.TestngPrograms.ParallelSuiteDemo" tests="1" failures="0" timestamp="03 Mar 2025 06:59:13 GMT" time="0.003" errors="0">
  <testcase name="testMethodOne" time="0.003" classname="com.rameshsoftautomation.TestngPrograms.ParallelSuiteDemo"/>
</testsuite> <!-- com.rameshsoftautomation.TestngPrograms.ParallelSuiteDemo -->
