<?xml version="1.0" encoding="UTF-8"?>
<!-- Generated by org.testng.reporters.JUnitReportReporter -->
<testsuite skipped="0" hostname="Harish" name="com.rameshsoft.automation.Reports.DemoReport" tests="1" failures="0" timestamp="11 Mar 2025 14:42:21 GMT" time="6.205" errors="0">
  <testcase name="verifyTitle" time="6.205" classname="com.rameshsoft.automation.Reports.DemoReport"/>
</testsuite> <!-- com.rameshsoft.automation.Reports.DemoReport -->
